<?xml version="1.0" encoding="UTF-8"?>
<testsuite xmlns:xsi="http://www.w3.org/2001/XMLSchema-instance" xsi:noNamespaceSchemaLocation="https://maven.apache.org/surefire/maven-surefire-plugin/xsd/surefire-test-report.xsd" name="edu.whut.cs.jee.mooc.mclass.service.ExerciseServiceTest" time="0.391" tests="1" errors="0" skipped="0" failures="0">
  <properties>
    <property name="sun.desktop" value="windows"/>
    <property name="awt.toolkit" value="sun.awt.windows.WToolkit"/>
    <property name="file.encoding.pkg" value="sun.io"/>
    <property name="java.specification.version" value="1.8"/>
    <property name="sun.cpu.isalist" value="amd64"/>
    <property name="sun.jnu.encoding" value="GBK"/>
    <property name="java.class.path" value="E:\Study\IdeaProjects\mooc\mooc-class\target\test-classes;E:\Study\IdeaProjects\mooc\mooc-class\target\classes;E:\environment\mvnrep\org\springframework\boot\spring-boot-starter-data-jpa\2.1.2.RELEASE\spring-boot-starter-data-jpa-2.1.2.RELEASE.jar;E:\environment\mvnrep\org\springframework\boot\spring-boot-starter-aop\2.1.2.RELEASE\spring-boot-starter-aop-2.1.2.RELEASE.jar;E:\environment\mvnrep\org\aspectj\aspectjweaver\1.9.2\aspectjweaver-1.9.2.jar;E:\environment\mvnrep\org\springframework\boot\spring-boot-starter-jdbc\2.1.2.RELEASE\spring-boot-starter-jdbc-2.1.2.RELEASE.jar;E:\environment\mvnrep\com\zaxxer\HikariCP\3.2.0\HikariCP-3.2.0.jar;E:\environment\mvnrep\org\springframework\spring-jdbc\5.1.4.RELEASE\spring-jdbc-5.1.4.RELEASE.jar;E:\environment\mvnrep\javax\transaction\javax.transaction-api\1.3\javax.transaction-api-1.3.jar;E:\environment\mvnrep\javax\xml\bind\jaxb-api\2.3.1\jaxb-api-2.3.1.jar;E:\environment\mvnrep\javax\activation\javax.activation-api\1.2.0\javax.activation-api-1.2.0.jar;E:\environment\mvnrep\org\hibernate\hibernate-core\5.3.7.Final\hibernate-core-5.3.7.Final.jar;E:\environment\mvnrep\org\jboss\logging\jboss-logging\3.3.2.Final\jboss-logging-3.3.2.Final.jar;E:\environment\mvnrep\javax\persistence\javax.persistence-api\2.2\javax.persistence-api-2.2.jar;E:\environment\mvnrep\net\bytebuddy\byte-buddy\1.9.7\byte-buddy-1.9.7.jar;E:\environment\mvnrep\antlr\antlr\2.7.7\antlr-2.7.7.jar;E:\environment\mvnrep\org\jboss\jandex\2.0.5.Final\jandex-2.0.5.Final.jar;E:\environment\mvnrep\org\dom4j\dom4j\2.1.1\dom4j-2.1.1.jar;E:\environment\mvnrep\org\hibernate\common\hibernate-commons-annotations\5.0.4.Final\hibernate-commons-annotations-5.0.4.Final.jar;E:\environment\mvnrep\org\springframework\data\spring-data-jpa\2.1.4.RELEASE\spring-data-jpa-2.1.4.RELEASE.jar;E:\environment\mvnrep\org\springframework\data\spring-data-commons\2.1.4.RELEASE\spring-data-commons-2.1.4.RELEASE.jar;E:\environment\mvnrep\org\springframework\spring-orm\5.1.4.RELEASE\spring-orm-5.1.4.RELEASE.jar;E:\environment\mvnrep\org\springframework\spring-context\5.1.4.RELEASE\spring-context-5.1.4.RELEASE.jar;E:\environment\mvnrep\org\springframework\spring-tx\5.1.4.RELEASE\spring-tx-5.1.4.RELEASE.jar;E:\environment\mvnrep\org\springframework\spring-beans\5.1.4.RELEASE\spring-beans-5.1.4.RELEASE.jar;E:\environment\mvnrep\org\springframework\spring-aspects\5.1.4.RELEASE\spring-aspects-5.1.4.RELEASE.jar;E:\environment\mvnrep\org\projectlombok\lombok\1.18.4\lombok-1.18.4.jar;E:\environment\mvnrep\org\springframework\boot\spring-boot-starter-test\2.1.2.RELEASE\spring-boot-starter-test-2.1.2.RELEASE.jar;E:\environment\mvnrep\org\springframework\boot\spring-boot-starter\2.1.2.RELEASE\spring-boot-starter-2.1.2.RELEASE.jar;E:\environment\mvnrep\org\springframework\boot\spring-boot\2.1.2.RELEASE\spring-boot-2.1.2.RELEASE.jar;E:\environment\mvnrep\org\springframework\boot\spring-boot-starter-logging\2.1.2.RELEASE\spring-boot-starter-logging-2.1.2.RELEASE.jar;E:\environment\mvnrep\ch\qos\logback\logback-classic\1.2.3\logback-classic-1.2.3.jar;E:\environment\mvnrep\ch\qos\logback\logback-core\1.2.3\logback-core-1.2.3.jar;E:\environment\mvnrep\org\apache\logging\log4j\log4j-to-slf4j\2.11.1\log4j-to-slf4j-2.11.1.jar;E:\environment\mvnrep\org\apache\logging\log4j\log4j-api\2.11.1\log4j-api-2.11.1.jar;E:\environment\mvnrep\org\slf4j\jul-to-slf4j\1.7.25\jul-to-slf4j-1.7.25.jar;E:\environment\mvnrep\javax\annotation\javax.annotation-api\1.3.2\javax.annotation-api-1.3.2.jar;E:\environment\mvnrep\org\yaml\snakeyaml\1.23\snakeyaml-1.23.jar;E:\environment\mvnrep\org\springframework\boot\spring-boot-test\2.1.2.RELEASE\spring-boot-test-2.1.2.RELEASE.jar;E:\environment\mvnrep\org\springframework\boot\spring-boot-test-autoconfigure\2.1.2.RELEASE\spring-boot-test-autoconfigure-2.1.2.RELEASE.jar;E:\environment\mvnrep\com\jayway\jsonpath\json-path\2.4.0\json-path-2.4.0.jar;E:\environment\mvnrep\net\minidev\json-smart\2.3\json-smart-2.3.jar;E:\environment\mvnrep\net\minidev\accessors-smart\1.2\accessors-smart-1.2.jar;E:\environment\mvnrep\org\ow2\asm\asm\5.0.4\asm-5.0.4.jar;E:\environment\mvnrep\junit\junit\4.12\junit-4.12.jar;E:\environment\mvnrep\org\mockito\mockito-core\2.23.4\mockito-core-2.23.4.jar;E:\environment\mvnrep\net\bytebuddy\byte-buddy-agent\1.9.7\byte-buddy-agent-1.9.7.jar;E:\environment\mvnrep\org\objenesis\objenesis\2.6\objenesis-2.6.jar;E:\environment\mvnrep\org\hamcrest\hamcrest-core\1.3\hamcrest-core-1.3.jar;E:\environment\mvnrep\org\hamcrest\hamcrest-library\1.3\hamcrest-library-1.3.jar;E:\environment\mvnrep\org\skyscreamer\jsonassert\1.5.0\jsonassert-1.5.0.jar;E:\environment\mvnrep\com\vaadin\external\google\android-json\0.0.20131108.vaadin1\android-json-0.0.20131108.vaadin1.jar;E:\environment\mvnrep\org\springframework\spring-core\5.1.4.RELEASE\spring-core-5.1.4.RELEASE.jar;E:\environment\mvnrep\org\springframework\spring-jcl\5.1.4.RELEASE\spring-jcl-5.1.4.RELEASE.jar;E:\environment\mvnrep\org\springframework\spring-test\5.1.4.RELEASE\spring-test-5.1.4.RELEASE.jar;E:\environment\mvnrep\org\xmlunit\xmlunit-core\2.6.2\xmlunit-core-2.6.2.jar;E:\environment\mvnrep\org\springframework\boot\spring-boot-starter-validation\2.1.2.RELEASE\spring-boot-starter-validation-2.1.2.RELEASE.jar;E:\environment\mvnrep\org\apache\tomcat\embed\tomcat-embed-el\9.0.14\tomcat-embed-el-9.0.14.jar;E:\environment\mvnrep\org\hibernate\validator\hibernate-validator\6.0.14.Final\hibernate-validator-6.0.14.Final.jar;E:\environment\mvnrep\javax\validation\validation-api\2.0.1.Final\validation-api-2.0.1.Final.jar;E:\environment\mvnrep\org\springframework\boot\spring-boot-starter-web\2.1.2.RELEASE\spring-boot-starter-web-2.1.2.RELEASE.jar;E:\environment\mvnrep\org\springframework\boot\spring-boot-starter-json\2.1.2.RELEASE\spring-boot-starter-json-2.1.2.RELEASE.jar;E:\environment\mvnrep\com\fasterxml\jackson\datatype\jackson-datatype-jdk8\2.9.8\jackson-datatype-jdk8-2.9.8.jar;E:\environment\mvnrep\com\fasterxml\jackson\datatype\jackson-datatype-jsr310\2.9.8\jackson-datatype-jsr310-2.9.8.jar;E:\environment\mvnrep\com\fasterxml\jackson\module\jackson-module-parameter-names\2.9.8\jackson-module-parameter-names-2.9.8.jar;E:\environment\mvnrep\org\springframework\boot\spring-boot-starter-tomcat\2.1.2.RELEASE\spring-boot-starter-tomcat-2.1.2.RELEASE.jar;E:\environment\mvnrep\org\apache\tomcat\embed\tomcat-embed-core\9.0.14\tomcat-embed-core-9.0.14.jar;E:\environment\mvnrep\org\apache\tomcat\embed\tomcat-embed-websocket\9.0.14\tomcat-embed-websocket-9.0.14.jar;E:\environment\mvnrep\org\springframework\spring-web\5.1.4.RELEASE\spring-web-5.1.4.RELEASE.jar;E:\environment\mvnrep\org\springframework\spring-webmvc\5.1.4.RELEASE\spring-webmvc-5.1.4.RELEASE.jar;E:\environment\mvnrep\org\springframework\spring-expression\5.1.4.RELEASE\spring-expression-5.1.4.RELEASE.jar;E:\environment\mvnrep\org\springframework\boot\spring-boot-starter-security\2.1.2.RELEASE\spring-boot-starter-security-2.1.2.RELEASE.jar;E:\environment\mvnrep\org\springframework\spring-aop\5.1.4.RELEASE\spring-aop-5.1.4.RELEASE.jar;E:\environment\mvnrep\org\springframework\security\spring-security-config\5.1.3.RELEASE\spring-security-config-5.1.3.RELEASE.jar;E:\environment\mvnrep\org\springframework\security\spring-security-core\5.1.3.RELEASE\spring-security-core-5.1.3.RELEASE.jar;E:\environment\mvnrep\org\springframework\security\spring-security-web\5.1.3.RELEASE\spring-security-web-5.1.3.RELEASE.jar;E:\environment\mvnrep\mysql\mysql-connector-java\5.1.46\mysql-connector-java-5.1.46.jar;E:\environment\mvnrep\io\swagger\swagger-models\1.5.21\swagger-models-1.5.21.jar;E:\environment\mvnrep\com\fasterxml\jackson\core\jackson-annotations\2.9.0\jackson-annotations-2.9.0.jar;E:\environment\mvnrep\org\slf4j\slf4j-api\1.7.25\slf4j-api-1.7.25.jar;E:\environment\mvnrep\io\swagger\swagger-annotations\1.5.21\swagger-annotations-1.5.21.jar;E:\environment\mvnrep\io\springfox\springfox-swagger2\2.9.2\springfox-swagger2-2.9.2.jar;E:\environment\mvnrep\io\springfox\springfox-spi\2.9.2\springfox-spi-2.9.2.jar;E:\environment\mvnrep\io\springfox\springfox-core\2.9.2\springfox-core-2.9.2.jar;E:\environment\mvnrep\io\springfox\springfox-schema\2.9.2\springfox-schema-2.9.2.jar;E:\environment\mvnrep\io\springfox\springfox-swagger-common\2.9.2\springfox-swagger-common-2.9.2.jar;E:\environment\mvnrep\io\springfox\springfox-spring-web\2.9.2\springfox-spring-web-2.9.2.jar;E:\environment\mvnrep\com\google\guava\guava\20.0\guava-20.0.jar;E:\environment\mvnrep\com\fasterxml\classmate\1.4.0\classmate-1.4.0.jar;E:\environment\mvnrep\org\springframework\plugin\spring-plugin-core\1.2.0.RELEASE\spring-plugin-core-1.2.0.RELEASE.jar;E:\environment\mvnrep\org\springframework\plugin\spring-plugin-metadata\1.2.0.RELEASE\spring-plugin-metadata-1.2.0.RELEASE.jar;E:\environment\mvnrep\org\mapstruct\mapstruct\1.2.0.Final\mapstruct-1.2.0.Final.jar;E:\environment\mvnrep\io\springfox\springfox-swagger-ui\2.9.2\springfox-swagger-ui-2.9.2.jar;E:\environment\mvnrep\com\github\xiaoymin\swagger-bootstrap-ui\1.9.6\swagger-bootstrap-ui-1.9.6.jar;E:\environment\mvnrep\org\javassist\javassist\3.25.0-GA\javassist-3.25.0-GA.jar;E:\environment\mvnrep\org\assertj\assertj-core\3.11.1\assertj-core-3.11.1.jar;E:\environment\mvnrep\com\alibaba\druid-spring-boot-starter\1.1.17\druid-spring-boot-starter-1.1.17.jar;E:\environment\mvnrep\com\alibaba\druid\1.1.17\druid-1.1.17.jar;E:\environment\mvnrep\org\springframework\boot\spring-boot-autoconfigure\2.1.2.RELEASE\spring-boot-autoconfigure-2.1.2.RELEASE.jar;E:\environment\mvnrep\io\jsonwebtoken\jjwt\0.9.1\jjwt-0.9.1.jar;E:\environment\mvnrep\com\fasterxml\jackson\core\jackson-databind\2.9.8\jackson-databind-2.9.8.jar;E:\environment\mvnrep\com\fasterxml\jackson\core\jackson-core\2.9.8\jackson-core-2.9.8.jar;E:\environment\mvnrep\org\apache\commons\commons-lang3\3.9\commons-lang3-3.9.jar;"/>
    <property name="java.vm.vendor" value="Oracle Corporation"/>
    <property name="sun.arch.data.model" value="64"/>
    <property name="user.variant" value=""/>
    <property name="java.vendor.url" value="http://java.oracle.com/"/>
    <property name="user.timezone" value="Asia/Shanghai"/>
    <property name="java.vm.specification.version" value="1.8"/>
    <property name="os.name" value="Windows 10"/>
    <property name="user.country" value="CN"/>
    <property name="sun.java.launcher" value="SUN_STANDARD"/>
    <property name="sun.boot.library.path" value="E:\Study\Java\jdk1.8.0_211\jre\bin"/>
    <property name="sun.java.command" value="C:\Users\kuang\AppData\Local\Temp\surefire5236059950167996841\surefirebooter5772602331931494327.jar C:\Users\kuang\AppData\Local\Temp\surefire5236059950167996841 2020-06-16T14-42-14_030-jvmRun1 surefire9013163313147545567tmp surefire_06002618548987113494tmp"/>
    <property name="surefire.test.class.path" value="E:\Study\IdeaProjects\mooc\mooc-class\target\test-classes;E:\Study\IdeaProjects\mooc\mooc-class\target\classes;E:\environment\mvnrep\org\springframework\boot\spring-boot-starter-data-jpa\2.1.2.RELEASE\spring-boot-starter-data-jpa-2.1.2.RELEASE.jar;E:\environment\mvnrep\org\springframework\boot\spring-boot-starter-aop\2.1.2.RELEASE\spring-boot-starter-aop-2.1.2.RELEASE.jar;E:\environment\mvnrep\org\aspectj\aspectjweaver\1.9.2\aspectjweaver-1.9.2.jar;E:\environment\mvnrep\org\springframework\boot\spring-boot-starter-jdbc\2.1.2.RELEASE\spring-boot-starter-jdbc-2.1.2.RELEASE.jar;E:\environment\mvnrep\com\zaxxer\HikariCP\3.2.0\HikariCP-3.2.0.jar;E:\environment\mvnrep\org\springframework\spring-jdbc\5.1.4.RELEASE\spring-jdbc-5.1.4.RELEASE.jar;E:\environment\mvnrep\javax\transaction\javax.transaction-api\1.3\javax.transaction-api-1.3.jar;E:\environment\mvnrep\javax\xml\bind\jaxb-api\2.3.1\jaxb-api-2.3.1.jar;E:\environment\mvnrep\javax\activation\javax.activation-api\1.2.0\javax.activation-api-1.2.0.jar;E:\environment\mvnrep\org\hibernate\hibernate-core\5.3.7.Final\hibernate-core-5.3.7.Final.jar;E:\environment\mvnrep\org\jboss\logging\jboss-logging\3.3.2.Final\jboss-logging-3.3.2.Final.jar;E:\environment\mvnrep\javax\persistence\javax.persistence-api\2.2\javax.persistence-api-2.2.jar;E:\environment\mvnrep\net\bytebuddy\byte-buddy\1.9.7\byte-buddy-1.9.7.jar;E:\environment\mvnrep\antlr\antlr\2.7.7\antlr-2.7.7.jar;E:\environment\mvnrep\org\jboss\jandex\2.0.5.Final\jandex-2.0.5.Final.jar;E:\environment\mvnrep\org\dom4j\dom4j\2.1.1\dom4j-2.1.1.jar;E:\environment\mvnrep\org\hibernate\common\hibernate-commons-annotations\5.0.4.Final\hibernate-commons-annotations-5.0.4.Final.jar;E:\environment\mvnrep\org\springframework\data\spring-data-jpa\2.1.4.RELEASE\spring-data-jpa-2.1.4.RELEASE.jar;E:\environment\mvnrep\org\springframework\data\spring-data-commons\2.1.4.RELEASE\spring-data-commons-2.1.4.RELEASE.jar;E:\environment\mvnrep\org\springframework\spring-orm\5.1.4.RELEASE\spring-orm-5.1.4.RELEASE.jar;E:\environment\mvnrep\org\springframework\spring-context\5.1.4.RELEASE\spring-context-5.1.4.RELEASE.jar;E:\environment\mvnrep\org\springframework\spring-tx\5.1.4.RELEASE\spring-tx-5.1.4.RELEASE.jar;E:\environment\mvnrep\org\springframework\spring-beans\5.1.4.RELEASE\spring-beans-5.1.4.RELEASE.jar;E:\environment\mvnrep\org\springframework\spring-aspects\5.1.4.RELEASE\spring-aspects-5.1.4.RELEASE.jar;E:\environment\mvnrep\org\projectlombok\lombok\1.18.4\lombok-1.18.4.jar;E:\environment\mvnrep\org\springframework\boot\spring-boot-starter-test\2.1.2.RELEASE\spring-boot-starter-test-2.1.2.RELEASE.jar;E:\environment\mvnrep\org\springframework\boot\spring-boot-starter\2.1.2.RELEASE\spring-boot-starter-2.1.2.RELEASE.jar;E:\environment\mvnrep\org\springframework\boot\spring-boot\2.1.2.RELEASE\spring-boot-2.1.2.RELEASE.jar;E:\environment\mvnrep\org\springframework\boot\spring-boot-starter-logging\2.1.2.RELEASE\spring-boot-starter-logging-2.1.2.RELEASE.jar;E:\environment\mvnrep\ch\qos\logback\logback-classic\1.2.3\logback-classic-1.2.3.jar;E:\environment\mvnrep\ch\qos\logback\logback-core\1.2.3\logback-core-1.2.3.jar;E:\environment\mvnrep\org\apache\logging\log4j\log4j-to-slf4j\2.11.1\log4j-to-slf4j-2.11.1.jar;E:\environment\mvnrep\org\apache\logging\log4j\log4j-api\2.11.1\log4j-api-2.11.1.jar;E:\environment\mvnrep\org\slf4j\jul-to-slf4j\1.7.25\jul-to-slf4j-1.7.25.jar;E:\environment\mvnrep\javax\annotation\javax.annotation-api\1.3.2\javax.annotation-api-1.3.2.jar;E:\environment\mvnrep\org\yaml\snakeyaml\1.23\snakeyaml-1.23.jar;E:\environment\mvnrep\org\springframework\boot\spring-boot-test\2.1.2.RELEASE\spring-boot-test-2.1.2.RELEASE.jar;E:\environment\mvnrep\org\springframework\boot\spring-boot-test-autoconfigure\2.1.2.RELEASE\spring-boot-test-autoconfigure-2.1.2.RELEASE.jar;E:\environment\mvnrep\com\jayway\jsonpath\json-path\2.4.0\json-path-2.4.0.jar;E:\environment\mvnrep\net\minidev\json-smart\2.3\json-smart-2.3.jar;E:\environment\mvnrep\net\minidev\accessors-smart\1.2\accessors-smart-1.2.jar;E:\environment\mvnrep\org\ow2\asm\asm\5.0.4\asm-5.0.4.jar;E:\environment\mvnrep\junit\junit\4.12\junit-4.12.jar;E:\environment\mvnrep\org\mockito\mockito-core\2.23.4\mockito-core-2.23.4.jar;E:\environment\mvnrep\net\bytebuddy\byte-buddy-agent\1.9.7\byte-buddy-agent-1.9.7.jar;E:\environment\mvnrep\org\objenesis\objenesis\2.6\objenesis-2.6.jar;E:\environment\mvnrep\org\hamcrest\hamcrest-core\1.3\hamcrest-core-1.3.jar;E:\environment\mvnrep\org\hamcrest\hamcrest-library\1.3\hamcrest-library-1.3.jar;E:\environment\mvnrep\org\skyscreamer\jsonassert\1.5.0\jsonassert-1.5.0.jar;E:\environment\mvnrep\com\vaadin\external\google\android-json\0.0.20131108.vaadin1\android-json-0.0.20131108.vaadin1.jar;E:\environment\mvnrep\org\springframework\spring-core\5.1.4.RELEASE\spring-core-5.1.4.RELEASE.jar;E:\environment\mvnrep\org\springframework\spring-jcl\5.1.4.RELEASE\spring-jcl-5.1.4.RELEASE.jar;E:\environment\mvnrep\org\springframework\spring-test\5.1.4.RELEASE\spring-test-5.1.4.RELEASE.jar;E:\environment\mvnrep\org\xmlunit\xmlunit-core\2.6.2\xmlunit-core-2.6.2.jar;E:\environment\mvnrep\org\springframework\boot\spring-boot-starter-validation\2.1.2.RELEASE\spring-boot-starter-validation-2.1.2.RELEASE.jar;E:\environment\mvnrep\org\apache\tomcat\embed\tomcat-embed-el\9.0.14\tomcat-embed-el-9.0.14.jar;E:\environment\mvnrep\org\hibernate\validator\hibernate-validator\6.0.14.Final\hibernate-validator-6.0.14.Final.jar;E:\environment\mvnrep\javax\validation\validation-api\2.0.1.Final\validation-api-2.0.1.Final.jar;E:\environment\mvnrep\org\springframework\boot\spring-boot-starter-web\2.1.2.RELEASE\spring-boot-starter-web-2.1.2.RELEASE.jar;E:\environment\mvnrep\org\springframework\boot\spring-boot-starter-json\2.1.2.RELEASE\spring-boot-starter-json-2.1.2.RELEASE.jar;E:\environment\mvnrep\com\fasterxml\jackson\datatype\jackson-datatype-jdk8\2.9.8\jackson-datatype-jdk8-2.9.8.jar;E:\environment\mvnrep\com\fasterxml\jackson\datatype\jackson-datatype-jsr310\2.9.8\jackson-datatype-jsr310-2.9.8.jar;E:\environment\mvnrep\com\fasterxml\jackson\module\jackson-module-parameter-names\2.9.8\jackson-module-parameter-names-2.9.8.jar;E:\environment\mvnrep\org\springframework\boot\spring-boot-starter-tomcat\2.1.2.RELEASE\spring-boot-starter-tomcat-2.1.2.RELEASE.jar;E:\environment\mvnrep\org\apache\tomcat\embed\tomcat-embed-core\9.0.14\tomcat-embed-core-9.0.14.jar;E:\environment\mvnrep\org\apache\tomcat\embed\tomcat-embed-websocket\9.0.14\tomcat-embed-websocket-9.0.14.jar;E:\environment\mvnrep\org\springframework\spring-web\5.1.4.RELEASE\spring-web-5.1.4.RELEASE.jar;E:\environment\mvnrep\org\springframework\spring-webmvc\5.1.4.RELEASE\spring-webmvc-5.1.4.RELEASE.jar;E:\environment\mvnrep\org\springframework\spring-expression\5.1.4.RELEASE\spring-expression-5.1.4.RELEASE.jar;E:\environment\mvnrep\org\springframework\boot\spring-boot-starter-security\2.1.2.RELEASE\spring-boot-starter-security-2.1.2.RELEASE.jar;E:\environment\mvnrep\org\springframework\spring-aop\5.1.4.RELEASE\spring-aop-5.1.4.RELEASE.jar;E:\environment\mvnrep\org\springframework\security\spring-security-config\5.1.3.RELEASE\spring-security-config-5.1.3.RELEASE.jar;E:\environment\mvnrep\org\springframework\security\spring-security-core\5.1.3.RELEASE\spring-security-core-5.1.3.RELEASE.jar;E:\environment\mvnrep\org\springframework\security\spring-security-web\5.1.3.RELEASE\spring-security-web-5.1.3.RELEASE.jar;E:\environment\mvnrep\mysql\mysql-connector-java\5.1.46\mysql-connector-java-5.1.46.jar;E:\environment\mvnrep\io\swagger\swagger-models\1.5.21\swagger-models-1.5.21.jar;E:\environment\mvnrep\com\fasterxml\jackson\core\jackson-annotations\2.9.0\jackson-annotations-2.9.0.jar;E:\environment\mvnrep\org\slf4j\slf4j-api\1.7.25\slf4j-api-1.7.25.jar;E:\environment\mvnrep\io\swagger\swagger-annotations\1.5.21\swagger-annotations-1.5.21.jar;E:\environment\mvnrep\io\springfox\springfox-swagger2\2.9.2\springfox-swagger2-2.9.2.jar;E:\environment\mvnrep\io\springfox\springfox-spi\2.9.2\springfox-spi-2.9.2.jar;E:\environment\mvnrep\io\springfox\springfox-core\2.9.2\springfox-core-2.9.2.jar;E:\environment\mvnrep\io\springfox\springfox-schema\2.9.2\springfox-schema-2.9.2.jar;E:\environment\mvnrep\io\springfox\springfox-swagger-common\2.9.2\springfox-swagger-common-2.9.2.jar;E:\environment\mvnrep\io\springfox\springfox-spring-web\2.9.2\springfox-spring-web-2.9.2.jar;E:\environment\mvnrep\com\google\guava\guava\20.0\guava-20.0.jar;E:\environment\mvnrep\com\fasterxml\classmate\1.4.0\classmate-1.4.0.jar;E:\environment\mvnrep\org\springframework\plugin\spring-plugin-core\1.2.0.RELEASE\spring-plugin-core-1.2.0.RELEASE.jar;E:\environment\mvnrep\org\springframework\plugin\spring-plugin-metadata\1.2.0.RELEASE\spring-plugin-metadata-1.2.0.RELEASE.jar;E:\environment\mvnrep\org\mapstruct\mapstruct\1.2.0.Final\mapstruct-1.2.0.Final.jar;E:\environment\mvnrep\io\springfox\springfox-swagger-ui\2.9.2\springfox-swagger-ui-2.9.2.jar;E:\environment\mvnrep\com\github\xiaoymin\swagger-bootstrap-ui\1.9.6\swagger-bootstrap-ui-1.9.6.jar;E:\environment\mvnrep\org\javassist\javassist\3.25.0-GA\javassist-3.25.0-GA.jar;E:\environment\mvnrep\org\assertj\assertj-core\3.11.1\assertj-core-3.11.1.jar;E:\environment\mvnrep\com\alibaba\druid-spring-boot-starter\1.1.17\druid-spring-boot-starter-1.1.17.jar;E:\environment\mvnrep\com\alibaba\druid\1.1.17\druid-1.1.17.jar;E:\environment\mvnrep\org\springframework\boot\spring-boot-autoconfigure\2.1.2.RELEASE\spring-boot-autoconfigure-2.1.2.RELEASE.jar;E:\environment\mvnrep\io\jsonwebtoken\jjwt\0.9.1\jjwt-0.9.1.jar;E:\environment\mvnrep\com\fasterxml\jackson\core\jackson-databind\2.9.8\jackson-databind-2.9.8.jar;E:\environment\mvnrep\com\fasterxml\jackson\core\jackson-core\2.9.8\jackson-core-2.9.8.jar;E:\environment\mvnrep\org\apache\commons\commons-lang3\3.9\commons-lang3-3.9.jar;"/>
    <property name="sun.cpu.endian" value="little"/>
    <property name="user.home" value="C:\Users\kuang"/>
    <property name="user.language" value="zh"/>
    <property name="java.specification.vendor" value="Oracle Corporation"/>
    <property name="java.home" value="E:\Study\Java\jdk1.8.0_211\jre"/>
    <property name="basedir" value="E:\Study\IdeaProjects\mooc\mooc-class"/>
    <property name="file.separator" value="\"/>
    <property name="line.separator" value="&#10;"/>
    <property name="java.vm.specification.vendor" value="Oracle Corporation"/>
    <property name="java.specification.name" value="Java Platform API Specification"/>
    <property name="java.awt.graphicsenv" value="sun.awt.Win32GraphicsEnvironment"/>
    <property name="surefire.real.class.path" value="C:\Users\kuang\AppData\Local\Temp\surefire5236059950167996841\surefirebooter5772602331931494327.jar"/>
    <property name="sun.boot.class.path" value="E:\Study\Java\jdk1.8.0_211\jre\lib\resources.jar;E:\Study\Java\jdk1.8.0_211\jre\lib\rt.jar;E:\Study\Java\jdk1.8.0_211\jre\lib\sunrsasign.jar;E:\Study\Java\jdk1.8.0_211\jre\lib\jsse.jar;E:\Study\Java\jdk1.8.0_211\jre\lib\jce.jar;E:\Study\Java\jdk1.8.0_211\jre\lib\charsets.jar;E:\Study\Java\jdk1.8.0_211\jre\lib\jfr.jar;E:\Study\Java\jdk1.8.0_211\jre\classes"/>
    <property name="user.script" value=""/>
    <property name="sun.management.compiler" value="HotSpot 64-Bit Tiered Compilers"/>
    <property name="java.runtime.version" value="1.8.0_211-b12"/>
    <property name="user.name" value="superk"/>
    <property name="path.separator" value=";"/>
    <property name="os.version" value="10.0"/>
    <property name="java.endorsed.dirs" value="E:\Study\Java\jdk1.8.0_211\jre\lib\endorsed"/>
    <property name="java.runtime.name" value="Java(TM) SE Runtime Environment"/>
    <property name="file.encoding" value="GBK"/>
    <property name="java.vm.name" value="Java HotSpot(TM) 64-Bit Server VM"/>
    <property name="localRepository" value="E:\environment\mvnrep"/>
    <property name="java.vendor.url.bug" value="http://bugreport.sun.com/bugreport/"/>
    <property name="java.io.tmpdir" value="C:\Users\kuang\AppData\Local\Temp\"/>
    <property name="java.version" value="1.8.0_211"/>
    <property name="user.dir" value="E:\Study\IdeaProjects\mooc\mooc-class"/>
    <property name="os.arch" value="amd64"/>
    <property name="java.vm.specification.name" value="Java Virtual Machine Specification"/>
    <property name="java.awt.printerjob" value="sun.awt.windows.WPrinterJob"/>
    <property name="sun.os.patch.level" value=""/>
    <property name="java.library.path" value="E:\Study\Java\jdk1.8.0_211\jre\bin;C:\Windows\Sun\Java\bin;C:\Windows\system32;C:\Windows;E:\environment\Git\mingw64\bin;E:\environment\Git\usr\bin;C:\Users\kuang\bin;C:\Program Files (x86)\Common Files\Oracle\Java\javapath;C:\Windows\system32;C:\Windows;C:\Windows\System32\Wbem;C:\Windows\System32\WindowsPowerShell\v1.0;C:\Windows\System32\OpenSSH;E:\Study\Java\jdk1.8.0_211\bin;E:\Study\Java\jdk1.8.0_211\jre\bin;E:\Study\Tomcat\apache-tomcat-8.5.42\bin;E:\Study\Tomcat\apache-tomcat-8.5.42\lib;E:\environment\apache-maven-3.6.1\bin;E:\environment\Git\cmd;E:\environment\Graphviz2.38\bin;E:\environment\NodeJs;C:\ProgramData\chocolatey\bin;C:\Users\kuang\AppData\Local\Microsoft\WindowsApps;C:\Users\kuang\AppData\Roaming\npm;."/>
    <property name="java.vm.info" value="mixed mode"/>
    <property name="java.vendor" value="Oracle Corporation"/>
    <property name="java.vm.version" value="25.211-b12"/>
    <property name="java.ext.dirs" value="E:\Study\Java\jdk1.8.0_211\jre\lib\ext;C:\Windows\Sun\Java\lib\ext"/>
    <property name="sun.io.unicode.encoding" value="UnicodeLittle"/>
    <property name="java.class.version" value="52.0"/>
  </properties>
  <testcase name="testSaveExercise" classname="edu.whut.cs.jee.mooc.mclass.service.ExerciseServiceTest" time="0.217"/>
</testsuite>